<?xml version="1.0" encoding="UTF-8"?>
<!-- Generated by org.testng.reporters.JUnitReportReporter -->
<testsuite hostname="DESKTOP-Q8QMA40" failures="0" tests="3" name="TestCases.useCase1_createUser" time="0.063" errors="0" timestamp="2025-02-22T07:32:09 IST" skipped="0">
  <testcase classname="TestCases.useCase1_createUser" name="enterContactInformation" time="0.040"/>
  <testcase classname="TestCases.useCase1_createUser" name="mailinfromation" time="0.013"/>
  <testcase classname="TestCases.useCase1_createUser" name="userinfromation" time="0.010"/>
</testsuite> <!-- TestCases.useCase1_createUser -->
