<?xml version="1.0" encoding="UTF-8"?>
<!-- Generated by org.testng.reporters.JUnitReportReporter -->
<testsuite hostname="DESKTOP-T1FQ5IU" failures="0" tests="1" name="TestCases.testCase1_CreateUser" time="15.299" errors="0" timestamp="2025-02-16T22:18:19 IST" skipped="0">
  <testcase classname="TestCases.testCase1_CreateUser" name="enterContactInformation" time="15.299"/>
</testsuite> <!-- TestCases.testCase1_CreateUser -->
