<?xml version="1.0" encoding="UTF-8"?>
<!-- Generated by org.testng.reporters.JUnitReportReporter -->
<testsuite hostname="DESKTOP-T1FQ5IU" failures="0" tests="1" name="API_TestCases.com_API_testcase_createUser" time="6.450" errors="0" timestamp="2025-04-20T10:58:03 IST" skipped="0">
  <testcase classname="API_TestCases.com_API_testcase_createUser" name="enterContactInformation" time="6.450"/>
</testsuite> <!-- API_TestCases.com_API_testcase_createUser -->
