<?xml version="1.0" encoding="UTF-8"?>
<!-- Generated by org.testng.reporters.JUnitReportReporter -->
<testsuite hostname="DESKTOP-Q8QMA40" failures="0" tests="1" name="TestCases.com_testcase_registerpage2" time="0.643" errors="0" timestamp="2025-03-01T08:15:35 IST" skipped="0">
  <testcase classname="TestCases.com_testcase_registerpage2" name="enterContactInformation" time="0.643"/>
</testsuite> <!-- TestCases.com_testcase_registerpage2 -->
