<?xml version="1.0" encoding="UTF-8"?>
<!-- Generated by org.testng.reporters.JUnitReportReporter -->
<testsuite hostname="DESKTOP-T1FQ5IU" failures="0" tests="1" name="TestCases.com_testcase_registerpage" time="0.744" errors="0" timestamp="2025-02-27T23:03:23 IST" skipped="0">
  <testcase classname="TestCases.com_testcase_registerpage" name="enterContactInformation" time="0.744"/>
</testsuite> <!-- TestCases.com_testcase_registerpage -->
