<?xml version="1.0" encoding="UTF-8"?>
<!-- Generated by org.testng.reporters.JUnitReportReporter -->
<testsuite hostname="DESKTOP-T1FQ5IU" failures="0" tests="1" name="TestCases.com_testcase_download_upload" time="0.001" errors="0" timestamp="2025-04-20T10:44:01 IST" skipped="1">
  <testcase classname="TestCases.com_testcase_download_upload" name="enterContactInformation" time="0.001">
    <skipped/>
  </testcase> <!-- enterContactInformation -->
</testsuite> <!-- TestCases.com_testcase_download_upload -->
