<?xml version="1.0" encoding="UTF-8"?>
<!-- Generated by org.testng.reporters.JUnitReportReporter -->
<testsuite hostname="DESKTOP-T1FQ5IU" failures="0" tests="1" name="Interview.com_testcase_makemytrip" time="4.894" errors="0" timestamp="2025-04-27T10:39:05 IST" skipped="0">
  <testcase classname="Interview.com_testcase_makemytrip" name="enterContactInformation" time="4.894"/>
</testsuite> <!-- Interview.com_testcase_makemytrip -->
