<?xml version="1.0" encoding="UTF-8"?>
<!-- Generated by org.testng.reporters.JUnitReportReporter -->
<testsuite hostname="DESKTOP-T1FQ5IU" failures="0" tests="3" name="TestCases.com_testcase_verifyAlert" time="0.000" errors="0" timestamp="2025-04-20T10:44:01 IST" skipped="3">
  <testcase classname="TestCases.com_testcase_verifyAlert" name="handleAert" time="0.000">
    <skipped/>
  </testcase> <!-- handleAert -->
  <testcase classname="TestCases.com_testcase_verifyAlert" name="enterMessageInalert" time="0.000">
    <skipped/>
  </testcase> <!-- enterMessageInalert -->
  <testcase classname="TestCases.com_testcase_verifyAlert" name="handleConfirmBox" time="0.000">
    <skipped/>
  </testcase> <!-- handleConfirmBox -->
</testsuite> <!-- TestCases.com_testcase_verifyAlert -->
