<?xml version="1.0" encoding="UTF-8"?>
<!-- Generated by org.testng.reporters.JUnitReportReporter -->
<testsuite hostname="DESKTOP-T1FQ5IU" failures="0" tests="1" name="TestCases.com_testcase_pagination" time="10.098" errors="0" timestamp="2025-04-20T10:18:14 IST" skipped="0">
  <testcase classname="TestCases.com_testcase_pagination" name="enterContactInformation" time="10.098"/>
</testsuite> <!-- TestCases.com_testcase_pagination -->
