<?xml version="1.0" encoding="UTF-8"?>
<!-- Generated by org.testng.reporters.JUnitReportReporter -->
<testsuite hostname="DESKTOP-T1FQ5IU" failures="0" tests="3" name="TestCases.com_testcase_brokenlink" time="206.405" errors="0" timestamp="2025-04-20T10:18:14 IST" skipped="0">
  <testcase classname="TestCases.com_testcase_brokenlink" name="enterContactInformation2" time="64.354"/>
  <testcase classname="TestCases.com_testcase_brokenlink" name="enterContactInformation" time="80.438"/>
  <testcase classname="TestCases.com_testcase_brokenlink" name="enterContactInformation1" time="61.613"/>
</testsuite> <!-- TestCases.com_testcase_brokenlink -->
